<?xml version="1.0" encoding="UTF-8"?>
<testng-results skipped="0" failed="0" ignored="0" total="1" passed="1">
  <reporter-output>
  </reporter-output>
  <suite name="Default suite" duration-ms="19458" started-at="2022-07-02T16:30:49 BST" finished-at="2022-07-02T16:31:09 BST">
    <groups>
    </groups>
    <test name="Default test" duration-ms="19458" started-at="2022-07-02T16:30:49 BST" finished-at="2022-07-02T16:31:09 BST">
      <class name="com.frame.tests.FrameTest">
        <test-method status="PASS" signature="setUp()[pri:0, instance:com.frame.tests.FrameTest@3dd4520b]" name="setUp" is-config="true" duration-ms="13853" started-at="2022-07-02T16:30:49 BST" finished-at="2022-07-02T16:31:03 BST">
          <reporter-output>
          </reporter-output>
        </test-method> <!-- setUp -->
        <test-method status="PASS" signature="frameWorkSwitching()[pri:0, instance:com.frame.tests.FrameTest@3dd4520b]" name="frameWorkSwitching" duration-ms="526" started-at="2022-07-02T16:31:03 BST" finished-at="2022-07-02T16:31:04 BST">
          <reporter-output>
          </reporter-output>
        </test-method> <!-- frameWorkSwitching -->
        <test-method status="PASS" signature="tearDown()[pri:0, instance:com.frame.tests.FrameTest@3dd4520b]" name="tearDown" is-config="true" duration-ms="5007" started-at="2022-07-02T16:31:04 BST" finished-at="2022-07-02T16:31:09 BST">
          <reporter-output>
          </reporter-output>
        </test-method> <!-- tearDown -->
      </class> <!-- com.frame.tests.FrameTest -->
    </test> <!-- Default test -->
  </suite> <!-- Default suite -->
</testng-results>
